E:\MyProjects\WebSocket-Related\uWebSockets\build\..\Output\Debug\uWS.dll
E:\MyProjects\WebSocket-Related\uWebSockets\build\..\Output\Debug\uWS.ilk
E:\MYPROJECTS\WEBSOCKET-RELATED\UWEBSOCKETS\BUILD\CMAKEFILES\GENERATE.STAMP
E:\MyProjects\WebSocket-Related\uWebSockets\build\Debug\uWS.exp
E:\MyProjects\WebSocket-Related\uWebSockets\build\Debug\uWS.lib
E:\MYPROJECTS\WEBSOCKET-RELATED\UWEBSOCKETS\BUILD\DEBUG\UWS.PDB
E:\MyProjects\WebSocket-Related\uWebSockets\build\uWS.dir\Debug\cl.command.1.tlog
E:\MyProjects\WebSocket-Related\uWebSockets\build\uWS.dir\Debug\CL.read.1.tlog
E:\MyProjects\WebSocket-Related\uWebSockets\build\uWS.dir\Debug\CL.write.1.tlog
E:\MyProjects\WebSocket-Related\uWebSockets\build\uWS.dir\Debug\custombuild.command.1.tlog
E:\MyProjects\WebSocket-Related\uWebSockets\build\uWS.dir\Debug\custombuild.read.1.tlog
E:\MyProjects\WebSocket-Related\uWebSockets\build\uWS.dir\Debug\custombuild.write.1.tlog
E:\MYPROJECTS\WEBSOCKET-RELATED\UWEBSOCKETS\BUILD\UWS.DIR\DEBUG\EVENTSYSTEM.OBJ
E:\MYPROJECTS\WEBSOCKET-RELATED\UWEBSOCKETS\BUILD\UWS.DIR\DEBUG\EXTENSIONS.OBJ
E:\MYPROJECTS\WEBSOCKET-RELATED\UWEBSOCKETS\BUILD\UWS.DIR\DEBUG\HTTPSOCKET.OBJ
E:\MyProjects\WebSocket-Related\uWebSockets\build\uWS.dir\Debug\link.11480.read.1.tlog
E:\MyProjects\WebSocket-Related\uWebSockets\build\uWS.dir\Debug\link.11480.write.1.tlog
E:\MyProjects\WebSocket-Related\uWebSockets\build\uWS.dir\Debug\link.11480-cvtres.read.1.tlog
E:\MyProjects\WebSocket-Related\uWebSockets\build\uWS.dir\Debug\link.11480-cvtres.write.1.tlog
E:\MyProjects\WebSocket-Related\uWebSockets\build\uWS.dir\Debug\link.command.1.tlog
E:\MyProjects\WebSocket-Related\uWebSockets\build\uWS.dir\Debug\link.read.1.tlog
E:\MyProjects\WebSocket-Related\uWebSockets\build\uWS.dir\Debug\link.write.1.tlog
E:\MyProjects\WebSocket-Related\uWebSockets\build\uWS.dir\Debug\link-cvtres.read.1.tlog
E:\MyProjects\WebSocket-Related\uWebSockets\build\uWS.dir\Debug\link-cvtres.write.1.tlog
E:\MyProjects\WebSocket-Related\uWebSockets\build\uWS.dir\Debug\mt.command.1.tlog
E:\MyProjects\WebSocket-Related\uWebSockets\build\uWS.dir\Debug\mt.read.1.tlog
E:\MyProjects\WebSocket-Related\uWebSockets\build\uWS.dir\Debug\mt.write.1.tlog
E:\MYPROJECTS\WEBSOCKET-RELATED\UWEBSOCKETS\BUILD\UWS.DIR\DEBUG\NETWORK.OBJ
E:\MyProjects\WebSocket-Related\uWebSockets\build\uWS.dir\Debug\rc.command.1.tlog
E:\MyProjects\WebSocket-Related\uWebSockets\build\uWS.dir\Debug\rc.read.1.tlog
E:\MyProjects\WebSocket-Related\uWebSockets\build\uWS.dir\Debug\rc.write.1.tlog
E:\MYPROJECTS\WEBSOCKET-RELATED\UWEBSOCKETS\BUILD\UWS.DIR\DEBUG\SERVER.OBJ
E:\MYPROJECTS\WEBSOCKET-RELATED\UWEBSOCKETS\BUILD\UWS.DIR\DEBUG\UTF8.OBJ
E:\MYPROJECTS\WEBSOCKET-RELATED\UWEBSOCKETS\BUILD\UWS.DIR\DEBUG\UWS.DLL.EMBED.MANIFEST
E:\MYPROJECTS\WEBSOCKET-RELATED\UWEBSOCKETS\BUILD\UWS.DIR\DEBUG\UWS.DLL.EMBED.MANIFEST.RES
E:\MYPROJECTS\WEBSOCKET-RELATED\UWEBSOCKETS\BUILD\UWS.DIR\DEBUG\UWS.DLL.INTERMEDIATE.MANIFEST
E:\MyProjects\WebSocket-Related\uWebSockets\build\uWS.dir\Debug\uWS.write.1.tlog
E:\MyProjects\WebSocket-Related\uWebSockets\build\uWS.dir\Debug\uWS_manifest.rc
E:\MYPROJECTS\WEBSOCKET-RELATED\UWEBSOCKETS\BUILD\UWS.DIR\DEBUG\VC100.PDB
E:\MYPROJECTS\WEBSOCKET-RELATED\UWEBSOCKETS\BUILD\UWS.DIR\DEBUG\WEBSOCKET.OBJ
E:\MYPROJECTS\WEBSOCKET-RELATED\UWEBSOCKETS\OUTPUT\DEBUG\UWS.DLL
E:\MYPROJECTS\WEBSOCKET-RELATED\UWEBSOCKETS\OUTPUT\DEBUG\UWS.ILK
