E:\MyProjects\WebSocket-Related\uWebSockets\build\..\Output\Debug\multithreaded_echo.exe
E:\MyProjects\WebSocket-Related\uWebSockets\build\..\Output\Debug\multithreaded_echo.ilk
E:\MYPROJECTS\WEBSOCKET-RELATED\UWEBSOCKETS\BUILD\EXAMPLES\CMAKEFILES\GENERATE.STAMP
E:\MyProjects\WebSocket-Related\uWebSockets\build\examples\Debug\multithreaded_echo.exp
E:\MyProjects\WebSocket-Related\uWebSockets\build\examples\Debug\multithreaded_echo.lib
E:\MYPROJECTS\WEBSOCKET-RELATED\UWEBSOCKETS\BUILD\EXAMPLES\DEBUG\MULTITHREADED_ECHO.PDB
E:\MyProjects\WebSocket-Related\uWebSockets\build\examples\multithreaded_echo.dir\Debug\cl.command.1.tlog
E:\MyProjects\WebSocket-Related\uWebSockets\build\examples\multithreaded_echo.dir\Debug\CL.read.1.tlog
E:\MyProjects\WebSocket-Related\uWebSockets\build\examples\multithreaded_echo.dir\Debug\CL.write.1.tlog
E:\MyProjects\WebSocket-Related\uWebSockets\build\examples\multithreaded_echo.dir\Debug\custombuild.command.1.tlog
E:\MyProjects\WebSocket-Related\uWebSockets\build\examples\multithreaded_echo.dir\Debug\custombuild.read.1.tlog
E:\MyProjects\WebSocket-Related\uWebSockets\build\examples\multithreaded_echo.dir\Debug\custombuild.write.1.tlog
E:\MyProjects\WebSocket-Related\uWebSockets\build\examples\multithreaded_echo.dir\Debug\link.5904.read.1.tlog
E:\MyProjects\WebSocket-Related\uWebSockets\build\examples\multithreaded_echo.dir\Debug\link.5904.write.1.tlog
E:\MyProjects\WebSocket-Related\uWebSockets\build\examples\multithreaded_echo.dir\Debug\link.5904-cvtres.read.1.tlog
E:\MyProjects\WebSocket-Related\uWebSockets\build\examples\multithreaded_echo.dir\Debug\link.5904-cvtres.write.1.tlog
E:\MyProjects\WebSocket-Related\uWebSockets\build\examples\multithreaded_echo.dir\Debug\link.command.1.tlog
E:\MyProjects\WebSocket-Related\uWebSockets\build\examples\multithreaded_echo.dir\Debug\link.read.1.tlog
E:\MyProjects\WebSocket-Related\uWebSockets\build\examples\multithreaded_echo.dir\Debug\link.write.1.tlog
E:\MyProjects\WebSocket-Related\uWebSockets\build\examples\multithreaded_echo.dir\Debug\link-cvtres.read.1.tlog
E:\MyProjects\WebSocket-Related\uWebSockets\build\examples\multithreaded_echo.dir\Debug\link-cvtres.write.1.tlog
E:\MyProjects\WebSocket-Related\uWebSockets\build\examples\multithreaded_echo.dir\Debug\mt.command.1.tlog
E:\MyProjects\WebSocket-Related\uWebSockets\build\examples\multithreaded_echo.dir\Debug\mt.read.1.tlog
E:\MyProjects\WebSocket-Related\uWebSockets\build\examples\multithreaded_echo.dir\Debug\mt.write.1.tlog
E:\MYPROJECTS\WEBSOCKET-RELATED\UWEBSOCKETS\BUILD\EXAMPLES\MULTITHREADED_ECHO.DIR\DEBUG\MULTITHREADED_ECHO.EXE.EMBED.MANIFEST
E:\MYPROJECTS\WEBSOCKET-RELATED\UWEBSOCKETS\BUILD\EXAMPLES\MULTITHREADED_ECHO.DIR\DEBUG\MULTITHREADED_ECHO.EXE.EMBED.MANIFEST.RES
E:\MYPROJECTS\WEBSOCKET-RELATED\UWEBSOCKETS\BUILD\EXAMPLES\MULTITHREADED_ECHO.DIR\DEBUG\MULTITHREADED_ECHO.EXE.INTERMEDIATE.MANIFEST
E:\MYPROJECTS\WEBSOCKET-RELATED\UWEBSOCKETS\BUILD\EXAMPLES\MULTITHREADED_ECHO.DIR\DEBUG\MULTITHREADED_ECHO.OBJ
E:\MyProjects\WebSocket-Related\uWebSockets\build\examples\multithreaded_echo.dir\Debug\multithreaded_echo.write.1.tlog
E:\MyProjects\WebSocket-Related\uWebSockets\build\examples\multithreaded_echo.dir\Debug\multithreaded_echo_manifest.rc
E:\MyProjects\WebSocket-Related\uWebSockets\build\examples\multithreaded_echo.dir\Debug\rc.command.1.tlog
E:\MyProjects\WebSocket-Related\uWebSockets\build\examples\multithreaded_echo.dir\Debug\rc.read.1.tlog
E:\MyProjects\WebSocket-Related\uWebSockets\build\examples\multithreaded_echo.dir\Debug\rc.write.1.tlog
E:\MYPROJECTS\WEBSOCKET-RELATED\UWEBSOCKETS\BUILD\EXAMPLES\MULTITHREADED_ECHO.DIR\DEBUG\VC100.PDB
E:\MYPROJECTS\WEBSOCKET-RELATED\UWEBSOCKETS\OUTPUT\DEBUG\MULTITHREADED_ECHO.EXE
E:\MYPROJECTS\WEBSOCKET-RELATED\UWEBSOCKETS\OUTPUT\DEBUG\MULTITHREADED_ECHO.ILK
