E:\MyProjects\WebSocket-Related\uWebSockets\build\..\Output\Debug\echo.exe
E:\MyProjects\WebSocket-Related\uWebSockets\build\..\Output\Debug\echo.ilk
E:\MYPROJECTS\WEBSOCKET-RELATED\UWEBSOCKETS\BUILD\EXAMPLES\CMAKEFILES\GENERATE.STAMP
E:\MyProjects\WebSocket-Related\uWebSockets\build\examples\Debug\echo.exp
E:\MyProjects\WebSocket-Related\uWebSockets\build\examples\Debug\echo.lib
E:\MYPROJECTS\WEBSOCKET-RELATED\UWEBSOCKETS\BUILD\EXAMPLES\DEBUG\ECHO.PDB
E:\MyProjects\WebSocket-Related\uWebSockets\build\examples\echo.dir\Debug\cl.command.1.tlog
E:\MyProjects\WebSocket-Related\uWebSockets\build\examples\echo.dir\Debug\CL.read.1.tlog
E:\MyProjects\WebSocket-Related\uWebSockets\build\examples\echo.dir\Debug\CL.write.1.tlog
E:\MyProjects\WebSocket-Related\uWebSockets\build\examples\echo.dir\Debug\custombuild.command.1.tlog
E:\MyProjects\WebSocket-Related\uWebSockets\build\examples\echo.dir\Debug\custombuild.read.1.tlog
E:\MyProjects\WebSocket-Related\uWebSockets\build\examples\echo.dir\Debug\custombuild.write.1.tlog
E:\MYPROJECTS\WEBSOCKET-RELATED\UWEBSOCKETS\BUILD\EXAMPLES\ECHO.DIR\DEBUG\ECHO.EXE.EMBED.MANIFEST
E:\MYPROJECTS\WEBSOCKET-RELATED\UWEBSOCKETS\BUILD\EXAMPLES\ECHO.DIR\DEBUG\ECHO.EXE.EMBED.MANIFEST.RES
E:\MYPROJECTS\WEBSOCKET-RELATED\UWEBSOCKETS\BUILD\EXAMPLES\ECHO.DIR\DEBUG\ECHO.EXE.INTERMEDIATE.MANIFEST
E:\MYPROJECTS\WEBSOCKET-RELATED\UWEBSOCKETS\BUILD\EXAMPLES\ECHO.DIR\DEBUG\ECHO.OBJ
E:\MyProjects\WebSocket-Related\uWebSockets\build\examples\echo.dir\Debug\echo.write.1.tlog
E:\MyProjects\WebSocket-Related\uWebSockets\build\examples\echo.dir\Debug\echo_manifest.rc
E:\MyProjects\WebSocket-Related\uWebSockets\build\examples\echo.dir\Debug\link.8144.read.1.tlog
E:\MyProjects\WebSocket-Related\uWebSockets\build\examples\echo.dir\Debug\link.8144.write.1.tlog
E:\MyProjects\WebSocket-Related\uWebSockets\build\examples\echo.dir\Debug\link.8144-cvtres.read.1.tlog
E:\MyProjects\WebSocket-Related\uWebSockets\build\examples\echo.dir\Debug\link.8144-cvtres.write.1.tlog
E:\MyProjects\WebSocket-Related\uWebSockets\build\examples\echo.dir\Debug\link.command.1.tlog
E:\MyProjects\WebSocket-Related\uWebSockets\build\examples\echo.dir\Debug\link.read.1.tlog
E:\MyProjects\WebSocket-Related\uWebSockets\build\examples\echo.dir\Debug\link.write.1.tlog
E:\MyProjects\WebSocket-Related\uWebSockets\build\examples\echo.dir\Debug\link-cvtres.read.1.tlog
E:\MyProjects\WebSocket-Related\uWebSockets\build\examples\echo.dir\Debug\link-cvtres.write.1.tlog
E:\MyProjects\WebSocket-Related\uWebSockets\build\examples\echo.dir\Debug\mt.command.1.tlog
E:\MyProjects\WebSocket-Related\uWebSockets\build\examples\echo.dir\Debug\mt.read.1.tlog
E:\MyProjects\WebSocket-Related\uWebSockets\build\examples\echo.dir\Debug\mt.write.1.tlog
E:\MyProjects\WebSocket-Related\uWebSockets\build\examples\echo.dir\Debug\rc.command.1.tlog
E:\MyProjects\WebSocket-Related\uWebSockets\build\examples\echo.dir\Debug\rc.read.1.tlog
E:\MyProjects\WebSocket-Related\uWebSockets\build\examples\echo.dir\Debug\rc.write.1.tlog
E:\MYPROJECTS\WEBSOCKET-RELATED\UWEBSOCKETS\BUILD\EXAMPLES\ECHO.DIR\DEBUG\VC100.PDB
E:\MYPROJECTS\WEBSOCKET-RELATED\UWEBSOCKETS\OUTPUT\DEBUG\ECHO.EXE
E:\MYPROJECTS\WEBSOCKET-RELATED\UWEBSOCKETS\OUTPUT\DEBUG\ECHO.ILK
